This is pdfTeX, Version 3.1415926-2.5-1.40.14 (TeX Live 2013/Debian) (format=pdflatex 2015.2.15)  8 MAY 2015 15:25
entering extended mode
 restricted \write18 enabled.
 %&-line parsing enabled.
**Reporte7.tex
(./Reporte7.tex
LaTeX2e <2011/06/27>
Babel <3.9h> and hyphenation patterns for 7 languages loaded.
(/usr/share/texlive/texmf-dist/tex/latex/base/article.cls
Document Class: article 2007/10/19 v1.4h Standard LaTeX document class
(/usr/share/texlive/texmf-dist/tex/latex/base/size12.clo
File: size12.clo 2007/10/19 v1.4h Standard LaTeX file (size option)
)
\c@part=\count79
\c@section=\count80
\c@subsection=\count81
\c@subsubsection=\count82
\c@paragraph=\count83
\c@subparagraph=\count84
\c@figure=\count85
\c@table=\count86
\abovecaptionskip=\skip41
\belowcaptionskip=\skip42
\bibindent=\dimen102
)
(/usr/share/texlive/texmf-dist/tex/generic/babel/babel.sty
Package: babel 2013/12/03 3.9h The Babel package

(/usr/share/texlive/texmf-dist/tex/generic/babel-spanish/spanish.ldf
Language: spanish.ldf 2014/01/29 v5.0m Spanish support from the babel system

(/usr/share/texlive/texmf-dist/tex/generic/babel/babel.def
File: babel.def 2013/12/03 3.9h Babel common definitions
\babel@savecnt=\count87
\U@D=\dimen103
)
\es@datefmt=\count88
\es@quottoks=\toks14
\es@quotdepth=\count89
Package babel Info: Making " an active character on input line 496.
Package babel Info: Making . an active character on input line 599.
Package babel Info: Making < an active character on input line 644.
Package babel Info: Making > an active character on input line 644.
))
(/usr/share/texlive/texmf-dist/tex/latex/tools/longtable.sty
Package: longtable 2004/02/01 v4.11 Multi-page Table package (DPC)
\LTleft=\skip43
\LTright=\skip44
\LTpre=\skip45
\LTpost=\skip46
\LTchunksize=\count90
\LTcapwidth=\dimen104
\LT@head=\box26
\LT@firsthead=\box27
\LT@foot=\box28
\LT@lastfoot=\box29
\LT@cols=\count91
\LT@rows=\count92
\c@LT@tables=\count93
\c@LT@chunks=\count94
\LT@p@ftn=\toks15
)
LaTeX Info: Redefining \. on input line 8.
LaTeX Info: Redefining \% on input line 8.

(/usr/share/texlive/texmf-dist/tex/latex/base/inputenc.sty
Package: inputenc 2008/03/30 v1.1d Input encoding file
\inpenc@prehook=\toks16
\inpenc@posthook=\toks17

(/usr/share/texlive/texmf-dist/tex/latex/ucs/utf8x.def
File: utf8x.def 2004/10/17 UCS: Input encoding UTF-8
))
(/usr/share/texlive/texmf-dist/tex/latex/ucs/ucs.sty
Package: ucs 2013/05/11 v2.2 UCS: Unicode input support

(/usr/share/texlive/texmf-dist/tex/latex/ucs/data/uni-global.def
File: uni-global.def 2013/05/13 UCS: Unicode global data
)
\uc@secondtry=\count95
\uc@combtoks=\toks18
\uc@combtoksb=\toks19
\uc@temptokena=\toks20
)
(/usr/share/texlive/texmf-dist/tex/latex/graphics/graphicx.sty
Package: graphicx 1999/02/16 v1.0f Enhanced LaTeX Graphics (DPC,SPQR)

(/usr/share/texlive/texmf-dist/tex/latex/graphics/keyval.sty
Package: keyval 1999/03/16 v1.13 key=value parser (DPC)
\KV@toks@=\toks21
)
(/usr/share/texlive/texmf-dist/tex/latex/graphics/graphics.sty
Package: graphics 2009/02/05 v1.0o Standard LaTeX Graphics (DPC,SPQR)

(/usr/share/texlive/texmf-dist/tex/latex/graphics/trig.sty
Package: trig 1999/03/16 v1.09 sin cos tan (DPC)
)
(/usr/share/texlive/texmf-dist/tex/latex/latexconfig/graphics.cfg
File: graphics.cfg 2010/04/23 v1.9 graphics configuration of TeX Live
)
Package graphics Info: Driver file: pdftex.def on input line 91.

(/usr/share/texlive/texmf-dist/tex/latex/pdftex-def/pdftex.def
File: pdftex.def 2011/05/27 v0.06d Graphics/color for pdfTeX

(/usr/share/texlive/texmf-dist/tex/generic/oberdiek/infwarerr.sty
Package: infwarerr 2010/04/08 v1.3 Providing info/warning/error messages (HO)
)
(/usr/share/texlive/texmf-dist/tex/generic/oberdiek/ltxcmds.sty
Package: ltxcmds 2011/11/09 v1.22 LaTeX kernel commands for general use (HO)
)
\Gread@gobject=\count96
))
\Gin@req@height=\dimen105
\Gin@req@width=\dimen106
)
(./Reporte7.aux
LaTeX Info: Redefining \. on input line 6.
LaTeX Info: Redefining \% on input line 6.
LaTeX Info: Redefining \. on input line 10.
LaTeX Info: Redefining \% on input line 10.
)
\openout1 = `Reporte7.aux'.

LaTeX Font Info:    Checking defaults for OML/cmm/m/it on input line 22.
LaTeX Font Info:    ... okay on input line 22.
LaTeX Font Info:    Checking defaults for T1/cmr/m/n on input line 22.
LaTeX Font Info:    ... okay on input line 22.
LaTeX Font Info:    Checking defaults for OT1/cmr/m/n on input line 22.
LaTeX Font Info:    ... okay on input line 22.
LaTeX Font Info:    Checking defaults for OMS/cmsy/m/n on input line 22.
LaTeX Font Info:    ... okay on input line 22.
LaTeX Font Info:    Checking defaults for OMX/cmex/m/n on input line 22.
LaTeX Font Info:    ... okay on input line 22.
LaTeX Font Info:    Checking defaults for U/cmr/m/n on input line 22.
LaTeX Font Info:    ... okay on input line 22.
LaTeX Info: Redefining \. on input line 22.
LaTeX Info: Redefining \% on input line 22.
 (/usr/share/texlive/texmf-dist/tex/latex/ucs/ucsencs.def
File: ucsencs.def 2011/01/21 Fixes to fontencodings LGR, T3
)
(/usr/share/texlive/texmf-dist/tex/context/base/supp-pdf.mkii
[Loading MPS to PDF converter (version 2006.09.02).]
\scratchcounter=\count97
\scratchdimen=\dimen107
\scratchbox=\box30
\nofMPsegments=\count98
\nofMParguments=\count99
\everyMPshowfont=\toks22
\MPscratchCnt=\count100
\MPscratchDim=\dimen108
\MPnumerator=\count101
\makeMPintoPDFobject=\count102
\everyMPtoPDFconversion=\toks23
) (/usr/share/texlive/texmf-dist/tex/generic/oberdiek/pdftexcmds.sty
Package: pdftexcmds 2011/11/29 v0.20 Utility functions of pdfTeX for LuaTeX (HO
)

(/usr/share/texlive/texmf-dist/tex/generic/oberdiek/ifluatex.sty
Package: ifluatex 2010/03/01 v1.3 Provides the ifluatex switch (HO)
Package ifluatex Info: LuaTeX not detected.
)
(/usr/share/texlive/texmf-dist/tex/generic/oberdiek/ifpdf.sty
Package: ifpdf 2011/01/30 v2.3 Provides the ifpdf switch (HO)
Package ifpdf Info: pdfTeX in PDF mode is detected.
)
Package pdftexcmds Info: LuaTeX not detected.
Package pdftexcmds Info: \pdf@primitive is available.
Package pdftexcmds Info: \pdf@ifprimitive is available.
Package pdftexcmds Info: \pdfdraftmode found.
)
(/usr/share/texlive/texmf-dist/tex/latex/oberdiek/epstopdf-base.sty
Package: epstopdf-base 2010/02/09 v2.5 Base part for package epstopdf

(/usr/share/texlive/texmf-dist/tex/latex/oberdiek/grfext.sty
Package: grfext 2010/08/19 v1.1 Manage graphics extensions (HO)

(/usr/share/texlive/texmf-dist/tex/generic/oberdiek/kvdefinekeys.sty
Package: kvdefinekeys 2011/04/07 v1.3 Define keys (HO)
))
(/usr/share/texlive/texmf-dist/tex/latex/oberdiek/kvoptions.sty
Package: kvoptions 2011/06/30 v3.11 Key value format for package options (HO)

(/usr/share/texlive/texmf-dist/tex/generic/oberdiek/kvsetkeys.sty
Package: kvsetkeys 2012/04/25 v1.16 Key value parser (HO)

(/usr/share/texlive/texmf-dist/tex/generic/oberdiek/etexcmds.sty
Package: etexcmds 2011/02/16 v1.5 Avoid name clashes with e-TeX commands (HO)
Package etexcmds Info: Could not find \expanded.
(etexcmds)             That can mean that you are not using pdfTeX 1.50 or
(etexcmds)             that some package has redefined \expanded.
(etexcmds)             In the latter case, load this package earlier.
)))
Package grfext Info: Graphics extension search list:
(grfext)             [.png,.pdf,.jpg,.mps,.jpeg,.jbig2,.jb2,.PNG,.PDF,.JPG,.JPE
G,.JBIG2,.JB2,.eps]
(grfext)             \AppendGraphicsExtensions on input line 452.

(/usr/share/texlive/texmf-dist/tex/latex/latexconfig/epstopdf-sys.cfg
File: epstopdf-sys.cfg 2010/07/13 v1.3 Configuration of (r)epstopdf for TeX Liv
e
))
LaTeX Font Info:    External font `cmex10' loaded for size
(Font)              <14.4> on input line 24.
LaTeX Font Info:    External font `cmex10' loaded for size
(Font)              <7> on input line 24.

(/usr/share/texlive/texmf-dist/tex/latex/ucs/data/uni-0.def
File: uni-0.def 2013/05/13 UCS: Unicode data U+0000..U+00FF
)
<mar.png, id=1, 367.3725pt x 301.125pt>
File: mar.png Graphic file (type png)
 <use mar.png>
Package pdftex.def Info: mar.png used on input line 40.
(pdftex.def)             Requested size: 227.62204pt x 186.58069pt.
 [1

{/var/lib/texmf/fonts/map/pdftex/updmap/pdftex.map} <./mar.png>]
<piteas.png, id=10, 585.68813pt x 470.50781pt>
File: piteas.png Graphic file (type png)
 <use piteas.png>
Package pdftex.def Info: piteas.png used on input line 56.
(pdftex.def)             Requested size: 142.26378pt x 114.28825pt.
LaTeX Font Info:    Try loading font information for U+lasy on input line 59.

(/usr/share/texlive/texmf-dist/tex/latex/base/ulasy.fd
File: ulasy.fd 1998/08/17 v2.2e LaTeX symbol font definitions
)
Overfull \hbox (3.31676pt too wide) in paragraph at lines 59--60
[]\OT1/cmr/m/n/12 Mucho m^^Sas tar-de, Ba-con, Ke-pler y otros tra-ta-ron de ex
-pli-car ese fen^^Someno,
 []

[2 <./piteas.png>] <niuton.jpg, id=15, 2007.5pt x 1003.75pt>
File: niuton.jpg Graphic file (type jpg)
 <use niuton.jpg>
Package pdftex.def Info: niuton.jpg used on input line 64.
(pdftex.def)             Requested size: 227.62204pt x 113.79767pt.

<d.png, id=16, 670.75594pt x 333.49594pt>
File: d.png Graphic file (type png)
 <use d.png>
Package pdftex.def Info: d.png used on input line 72.
(pdftex.def)             Requested size: 284.52756pt x 141.46164pt.

<d2.png, id=17, 514.92375pt x 313.9228pt>
File: d2.png Graphic file (type png)
 <use d2.png>
Package pdftex.def Info: d2.png used on input line 78.
(pdftex.def)             Requested size: 284.52756pt x 173.4628pt.
 [3 <./niuton.jpg> <./d.png (PNG copy)>]
Overfull \hbox (246.02531pt too wide) in paragraph at lines 391--391
[]\OT1/cmtt/m/n/12 real :: Dif1, Dif2, Dif3, Dif4, Difm1, Difm2, Difm3, Difm4, 
T1, T2, T3, T4, T5, T1m, T2m, T3m, T4m, T5m[] 
 []


Overfull \hbox (598.00049pt too wide) in paragraph at lines 391--391
[]\OT1/cmtt/m/n/12 !-----------------------------------------------------------
-------------------------------------------------------------------------------
---------------------[] 
 []

[4 <./d2.png (PNG copy)>]
Overfull \hbox (104.00024pt too wide) in paragraph at lines 391--391
[]\OT1/cmtt/m/n/12 !-----------------------------------------------------------
--------------------[] 
 []

[5]
Overfull \hbox (104.00024pt too wide) in paragraph at lines 391--391
[]\OT1/cmtt/m/n/12 !-----------------------------------------------------------
--------------------[] 
 []


Overfull \hbox (104.00024pt too wide) in paragraph at lines 391--391
[]\OT1/cmtt/m/n/12 !-----------------------------------------------------------
--------------------[] 
 []

[6]
Overfull \hbox (104.00024pt too wide) in paragraph at lines 391--391
[]\OT1/cmtt/m/n/12 !-----------------------------------------------------------
--------------------[] 
 []

[7]
Overfull \hbox (598.00049pt too wide) in paragraph at lines 391--391
[]\OT1/cmtt/m/n/12 !-----------------------------------------------------------
-------------------------------------------------------------------------------
---------------------[] 
 []


Overfull \hbox (598.00049pt too wide) in paragraph at lines 391--391
[]\OT1/cmtt/m/n/12 !-----------------------------------------------------------
-------------------------------------------------------------------------------
---------------------[] 
 []


Overfull \hbox (104.00024pt too wide) in paragraph at lines 391--391
[]\OT1/cmtt/m/n/12 !-----------------------------------------------------------
--------------------[] 
 []

[8]
Overfull \hbox (104.00024pt too wide) in paragraph at lines 391--391
[]\OT1/cmtt/m/n/12 !-----------------------------------------------------------
--------------------[] 
 []

[9]
Overfull \hbox (104.00024pt too wide) in paragraph at lines 391--391
[]\OT1/cmtt/m/n/12 !-----------------------------------------------------------
--------------------[] 
 []


Overfull \hbox (104.00024pt too wide) in paragraph at lines 391--391
[]\OT1/cmtt/m/n/12 !-----------------------------------------------------------
--------------------[] 
 []

[10]
Overfull \hbox (104.00024pt too wide) in paragraph at lines 391--391
[]\OT1/cmtt/m/n/12 !-----------------------------------------------------------
--------------------[] 
 []

LaTeX Font Info:    External font `cmex10' loaded for size
(Font)              <12> on input line 391.
LaTeX Font Info:    External font `cmex10' loaded for size
(Font)              <8> on input line 391.
LaTeX Font Info:    External font `cmex10' loaded for size
(Font)              <6> on input line 391.

Overfull \hbox (116.82549pt too wide) in paragraph at lines 391--391
[]\OT1/cmtt/m/n/12 Print *, '================$[]$================$[]$==========
==========$[]$================$[]$'[] 
 []


Overfull \hbox (116.82549pt too wide) in paragraph at lines 391--391
[]\OT1/cmtt/m/n/12 Print *, '================$[]$================$[]$==========
==========$[]$================$[]$'[] 
 []


Overfull \hbox (66.95023pt too wide) in paragraph at lines 391--391
[]\OT1/cmtt/m/n/12 Print *, 'Primer dia:', Maxd1,    'Tiempo para la siguiente 
maxima:', Dif1[] 
 []


Overfull \hbox (66.95023pt too wide) in paragraph at lines 391--391
[]\OT1/cmtt/m/n/12 Print *, 'Segundo dia:', Maxd2,   'Tiempo para la siguiente 
maxima:', Dif2[] 
 []


Overfull \hbox (66.95023pt too wide) in paragraph at lines 391--391
[]\OT1/cmtt/m/n/12 Print *, 'Tercer dia:', Maxd3,    'Tiempo para la siguiente 
maxima:', Dif3[] 
 []


Overfull \hbox (66.95023pt too wide) in paragraph at lines 391--391
[]\OT1/cmtt/m/n/12 Print *, 'Cuarto dia:', Maxd4,    'Tiempo para la siguiente 
maxima:', Dif4[] 
 []


Overfull \hbox (122.52525pt too wide) in paragraph at lines 391--391
[]\OT1/cmtt/m/n/12 Print *, '==================================================
======================'[] 
 []


Overfull \hbox (29.9002pt too wide) in paragraph at lines 391--391
[]\OT1/cmtt/m/n/12 Print *, '--------------------------------------------------
-------'[] 
 []


Overfull \hbox (29.9002pt too wide) in paragraph at lines 391--391
[]\OT1/cmtt/m/n/12 Print *, '--------------------------------------------------
-------'[] 
 []


Overfull \hbox (29.9002pt too wide) in paragraph at lines 391--391
[]\OT1/cmtt/m/n/12 Print *, '--------------------------------------------------
-------'[] 
 []


Overfull \hbox (29.9002pt too wide) in paragraph at lines 391--391
[]\OT1/cmtt/m/n/12 Print *, '--------------------------------------------------
-------'[] 
 []


Overfull \hbox (116.82549pt too wide) in paragraph at lines 391--391
[]\OT1/cmtt/m/n/12 Print *, '================$[]$================$[]$==========
==========$[]$================$[]$'[] 
 []


Overfull \hbox (116.82549pt too wide) in paragraph at lines 391--391
[]\OT1/cmtt/m/n/12 Print *, '================$[]$================$[]$==========
==========$[]$================$[]$'[] 
 []

[11]
Overfull \hbox (73.12523pt too wide) in paragraph at lines 391--391
[]\OT1/cmtt/m/n/12 Print *, 'Primer dia:', Mind1,    'Tiempo para la siguiente 
minima:', Difm1[] 
 []


Overfull \hbox (73.12523pt too wide) in paragraph at lines 391--391
[]\OT1/cmtt/m/n/12 Print *, 'Segundo dia:', Mind2,   'Tiempo para la siguiente 
minima:', Difm2[] 
 []


Overfull \hbox (66.95023pt too wide) in paragraph at lines 391--391
[]\OT1/cmtt/m/n/12 Print *, 'Tercer dia:', Mind3,   'Tiempo para la siguiente m
inima:', Difm3[] 
 []


Overfull \hbox (73.12523pt too wide) in paragraph at lines 391--391
[]\OT1/cmtt/m/n/12 Print *, 'Cuarto dia:', Mind4,    'Tiempo para la siguiente 
minima:', Difm4[] 
 []


Overfull \hbox (122.52525pt too wide) in paragraph at lines 391--391
[]\OT1/cmtt/m/n/12 Print *, '==================================================
======================'[] 
 []


Overfull \hbox (29.9002pt too wide) in paragraph at lines 391--391
[]\OT1/cmtt/m/n/12 Print *, '--------------------------------------------------
-------'[] 
 []


Overfull \hbox (29.9002pt too wide) in paragraph at lines 391--391
[]\OT1/cmtt/m/n/12 Print *, '--------------------------------------------------
-------'[] 
 []


Overfull \hbox (29.9002pt too wide) in paragraph at lines 391--391
[]\OT1/cmtt/m/n/12 Print *, '--------------------------------------------------
-------'[] 
 []


Overfull \hbox (29.9002pt too wide) in paragraph at lines 391--391
[]\OT1/cmtt/m/n/12 Print *, '--------------------------------------------------
-------'[] 
 []


Overfull \hbox (116.82549pt too wide) in paragraph at lines 391--391
[]\OT1/cmtt/m/n/12 Print *, '================$[]$================$[]$==========
==========$[]$================$[]$'[] 
 []

<prog.png, id=48, 616.55344pt x 597.73312pt>
File: prog.png Graphic file (type png)
 <use prog.png>
Package pdftex.def Info: prog.png used on input line 399.
(pdftex.def)             Requested size: 426.79134pt x 413.77704pt.

Overfull \hbox (36.79134pt too wide) in paragraph at lines 399--399
 [] 
 []

[12] <graf1m.png, id=53, 642.4pt x 385.44pt>
File: graf1m.png Graphic file (type png)
 <use graf1m.png>
Package pdftex.def Info: graf1m.png used on input line 405.
(pdftex.def)             Requested size: 426.79134pt x 256.07912pt.

Overfull \hbox (36.79134pt too wide) in paragraph at lines 405--405
 [] 
 []

[13 <./prog.png>] <graf2m.png, id=59, 642.4pt x 385.44pt>
File: graf2m.png Graphic file (type png)
 <use graf2m.png>
Package pdftex.def Info: graf2m.png used on input line 409.
(pdftex.def)             Requested size: 426.79134pt x 256.07912pt.

Overfull \hbox (36.79134pt too wide) in paragraph at lines 409--409
 [] 
 []

<graf3m.png, id=60, 642.4pt x 385.44pt>
File: graf3m.png Graphic file (type png)
 <use graf3m.png>
Package pdftex.def Info: graf3m.png used on input line 413.
(pdftex.def)             Requested size: 426.79134pt x 256.07912pt.

Overfull \hbox (36.79134pt too wide) in paragraph at lines 413--413
 [] 
 []

[14 <./graf1m.png (PNG copy)> <./graf2m.png>]
<graf1d.png, id=65, 642.4pt x 385.44pt>
File: graf1d.png Graphic file (type png)
 <use graf1d.png>
Package pdftex.def Info: graf1d.png used on input line 420.
(pdftex.def)             Requested size: 398.33858pt x 239.01149pt.

Overfull \hbox (8.33858pt too wide) in paragraph at lines 420--420
 [] 
 []

<graf2d.png, id=66, 642.4pt x 385.44pt>
File: graf2d.png Graphic file (type png)
 <use graf2d.png>
Package pdftex.def Info: graf2d.png used on input line 424.
(pdftex.def)             Requested size: 398.33858pt x 239.01149pt.

Overfull \hbox (8.33858pt too wide) in paragraph at lines 424--424
 [] 
 []

[15 <./graf3m.png> <./graf1d.png>] <graf3d.png, id=72, 642.4pt x 385.44pt>
File: graf3d.png Graphic file (type png)

<use graf3d.png>
Package pdftex.def Info: graf3d.png used on input line 428.
(pdftex.def)             Requested size: 398.33858pt x 239.01149pt.

Overfull \hbox (8.33858pt too wide) in paragraph at lines 428--428
 [] 
 []

[16 <./graf2d.png> <./graf3d.png>] [17] (./Reporte7.aux
LaTeX Info: Redefining \. on input line 6.
LaTeX Info: Redefining \% on input line 6.
LaTeX Info: Redefining \. on input line 10.
LaTeX Info: Redefining \% on input line 10.
) ) 
Here is how much of TeX's memory you used:
 3135 strings out of 494925
 42580 string characters out of 6178544
 109806 words of memory out of 5000000
 6317 multiletter control sequences out of 15000+600000
 8469 words of font info for 31 fonts, out of 8000000 for 9000
 62 hyphenation exceptions out of 8191
 37i,6n,26p,644b,484s stack positions out of 5000i,500n,10000p,200000b,80000s
</usr/share/texlive/texmf-dist/fonts/type1/public/amsfonts/cm/cmbx12.pfb></u
sr/share/texlive/texmf-dist/fonts/type1/public/amsfonts/cm/cmr12.pfb></usr/shar
e/texlive/texmf-dist/fonts/type1/public/amsfonts/cm/cmr17.pfb></usr/share/texli
ve/texmf-dist/fonts/type1/public/amsfonts/cm/cmsy8.pfb></usr/share/texlive/texm
f-dist/fonts/type1/public/amsfonts/cm/cmtt12.pfb></usr/share/texlive/texmf-dist
/fonts/type1/public/amsfonts/latxfont/lasy10.pfb>
Output written on Reporte7.pdf (17 pages, 1807180 bytes).
PDF statistics:
 102 PDF objects out of 1000 (max. 8388607)
 58 compressed objects within 1 object stream
 0 named destinations out of 1000 (max. 500000)
 61 words of extra memory for PDF output out of 10000 (max. 10000000)

